<?xml version="1.0" encoding="UTF-8"?>
<!-- Generated by org.testng.reporters.JUnitXMLReporter -->
<testsuite ignored="0" hostname="DESKTOP-942KJ2N" failures="2" tests="3" name="Test" time="28.825" errors="0" timestamp="2023-02-17T07:58:08 IST">
  <testcase classname="TestCases.VerifyLogin" name="login" time="1.429">
    <failure type="java.lang.AssertionError" message="The following asserts failed:
	Alert message is not matching expected [Please check your and password. If you still can&amp;apos;t log in, contact your Salesforce administrator.] but found [Please check your username and password. If you still can&amp;apos;t log in, contact your Salesforce administrator.]">
      <![CDATA[java.lang.AssertionError: The following asserts failed:
Alert message is not matching expected [Please check your and password. If you still can't log in, contact your Salesforce administrator.] but found [Please check your username and password. If you still can't log in, contact your Salesforce administrator.]
at PageObjectModel.commonMethod.AssertHandeling(commonMethod.java:25)
at TestCases.VerifyLogin.login(VerifyLogin.java:29)
at java.base/java.util.ArrayList.forEach(ArrayList.java:1511)
... Removed 29 stack frames]]>
    </failure>
  </testcase> <!-- login -->
  <testcase classname="TestCases.VerifyLogin" name="login" time="1.113">
    <failure type="java.lang.AssertionError" message="The following asserts failed:
	Alert message is not matching expected [Please check your and password. If you still can&amp;apos;t log in, contact your Salesforce administrator.] but found [Please check your username and password. If you still can&amp;apos;t log in, contact your Salesforce administrator.]">
      <![CDATA[java.lang.AssertionError: The following asserts failed:
Alert message is not matching expected [Please check your and password. If you still can't log in, contact your Salesforce administrator.] but found [Please check your username and password. If you still can't log in, contact your Salesforce administrator.]
at PageObjectModel.commonMethod.AssertHandeling(commonMethod.java:25)
at TestCases.VerifyLogin.login(VerifyLogin.java:29)
at java.base/java.util.ArrayList.forEach(ArrayList.java:1511)
... Removed 29 stack frames]]>
    </failure>
  </testcase> <!-- login -->
  <testcase classname="TestCases.VerifySinUp" name="Sinup" time="7.811"/>
</testsuite> <!-- Test -->
